{"/Users/parastoo/Downloads/thiswayupau-garden4camps-dcc039ffe829/src/constants/filter.ts": {"path":"/Users/parastoo/Downloads/thiswayupau-garden4camps-dcc039ffe829/src/constants/filter.ts","statementMap":{"0":{"start":{"line":1,"column":13},"end":{"line":7,"column":2}},"1":{"start":{"line":8,"column":13},"end":{"line":13,"column":2}}},"fnMap":{},"branchMap":{},"s":{"0":1,"1":1},"f":{},"b":{}}
,"/Users/parastoo/Downloads/thiswayupau-garden4camps-dcc039ffe829/src/store/store.ts": {"path":"/Users/parastoo/Downloads/thiswayupau-garden4camps-dcc039ffe829/src/store/store.ts","statementMap":{"0":{"start":{"line":1,"column":0},"end":{"line":1,"column":29}},"1":{"start":{"line":2,"column":13},"end":{"line":2,"column":36}},"2":{"start":{"line":3,"column":14},"end":{"line":3,"column":37}},"3":{"start":{"line":4,"column":0},"end":{"line":4,"column":55}},"4":{"start":{"line":53,"column":37},"end":{"line":67,"column":2}},"5":{"start":{"line":80,"column":21},"end":{"line":123,"column":2}},"6":{"start":{"line":80,"column":79},"end":{"line":123,"column":2}},"7":{"start":{"line":82,"column":4},"end":{"line":82,"column":21}},"8":{"start":{"line":85,"column":4},"end":{"line":85,"column":24}},"9":{"start":{"line":88,"column":4},"end":{"line":88,"column":19}},"10":{"start":{"line":91,"column":4},"end":{"line":91,"column":25}},"11":{"start":{"line":94,"column":4},"end":{"line":94,"column":21}},"12":{"start":{"line":97,"column":4},"end":{"line":97,"column":19}},"13":{"start":{"line":99,"column":68},"end":{"line":119,"column":null}},"14":{"start":{"line":101,"column":4},"end":{"line":101,"column":40}},"15":{"start":{"line":102,"column":23},"end":{"line":106,"column":null}},"16":{"start":{"line":104,"column":8},"end":{"line":106,"column":26}},"17":{"start":{"line":109,"column":4},"end":{"line":118,"column":null}},"18":{"start":{"line":110,"column":26},"end":{"line":114,"column":8}},"19":{"start":{"line":115,"column":6},"end":{"line":115,"column":43}},"20":{"start":{"line":117,"column":6},"end":{"line":117,"column":69}},"21":{"start":{"line":120,"column":21},"end":{"line":122,"column":null}},"22":{"start":{"line":121,"column":4},"end":{"line":121,"column":31}},"23":{"start":{"line":127,"column":13},"end":{"line":133,"column":69}}},"fnMap":{"0":{"name":"(anonymous_8)","decl":{"start":{"line":66,"column":14},"end":{"line":66,"column":17}},"loc":{"start":{"line":66,"column":19},"end":{"line":66,"column":22}}},"1":{"name":"(anonymous_9)","decl":{"start":{"line":80,"column":21},"end":{"line":80,"column":22}},"loc":{"start":{"line":80,"column":79},"end":{"line":123,"column":2}}},"2":{"name":"(anonymous_10)","decl":{"start":{"line":81,"column":14},"end":{"line":81,"column":15}},"loc":{"start":{"line":81,"column":34},"end":{"line":83,"column":3}}},"3":{"name":"(anonymous_11)","decl":{"start":{"line":84,"column":17},"end":{"line":84,"column":18}},"loc":{"start":{"line":84,"column":62},"end":{"line":86,"column":3}}},"4":{"name":"(anonymous_12)","decl":{"start":{"line":87,"column":12},"end":{"line":87,"column":13}},"loc":{"start":{"line":87,"column":47},"end":{"line":89,"column":3}}},"5":{"name":"(anonymous_13)","decl":{"start":{"line":90,"column":18},"end":{"line":90,"column":19}},"loc":{"start":{"line":90,"column":65},"end":{"line":92,"column":3}}},"6":{"name":"(anonymous_14)","decl":{"start":{"line":93,"column":14},"end":{"line":93,"column":15}},"loc":{"start":{"line":93,"column":53},"end":{"line":95,"column":3}}},"7":{"name":"(anonymous_15)","decl":{"start":{"line":96,"column":12},"end":{"line":96,"column":13}},"loc":{"start":{"line":96,"column":47},"end":{"line":98,"column":3}}},"8":{"name":"(anonymous_16)","decl":{"start":{"line":99,"column":9},"end":{"line":99,"column":16}},"loc":{"start":{"line":99,"column":68},"end":{"line":119,"column":null}}},"9":{"name":"(anonymous_17)","decl":{"start":{"line":99,"column":68},"end":{"line":99,"column":null}},"loc":{"start":{"line":99,"column":68},"end":{"line":119,"column":3}}},"10":{"name":"(anonymous_18)","decl":{"start":{"line":103,"column":6},"end":{"line":103,"column":7}},"loc":{"start":{"line":104,"column":8},"end":{"line":106,"column":26}}},"11":{"name":"(anonymous_19)","decl":{"start":{"line":120,"column":10},"end":{"line":120,"column":19}},"loc":{"start":{"line":120,"column":21},"end":{"line":122,"column":null}}},"12":{"name":"(anonymous_20)","decl":{"start":{"line":120,"column":21},"end":{"line":120,"column":null}},"loc":{"start":{"line":120,"column":21},"end":{"line":122,"column":3}}}},"branchMap":{"0":{"loc":{"start":{"line":104,"column":8},"end":{"line":106,"column":26}},"type":"binary-expr","locations":[{"start":{"line":104,"column":8},"end":{"line":104,"column":34}},{"start":{"line":105,"column":8},"end":{"line":105,"column":34}},{"start":{"line":106,"column":8},"end":{"line":106,"column":26}}]},"1":{"loc":{"start":{"line":109,"column":4},"end":{"line":118,"column":null}},"type":"if","locations":[{"start":{"line":109,"column":4},"end":{"line":118,"column":null}},{"start":{"line":116,"column":11},"end":{"line":118,"column":null}}]},"2":{"loc":{"start":{"line":128,"column":2},"end":{"line":133,"column":68}},"type":"cond-expr","locations":[{"start":{"line":129,"column":6},"end":{"line":131,"column":null}},{"start":{"line":133,"column":6},"end":{"line":133,"column":68}}]},"3":{"loc":{"start":{"line":128,"column":2},"end":{"line":128,"column":65}},"type":"binary-expr","locations":[{"start":{"line":128,"column":2},"end":{"line":128,"column":23}},{"start":{"line":128,"column":27},"end":{"line":128,"column":65}}]}},"s":{"0":2,"1":2,"2":2,"3":2,"4":2,"5":2,"6":2,"7":0,"8":0,"9":0,"10":0,"11":0,"12":0,"13":0,"14":0,"15":0,"16":0,"17":0,"18":0,"19":0,"20":0,"21":0,"22":0,"23":2},"f":{"0":0,"1":2,"2":0,"3":0,"4":0,"5":0,"6":0,"7":0,"8":0,"9":0,"10":0,"11":0,"12":0},"b":{"0":[0,0,0],"1":[0,0],"2":[0,2],"3":[2,2]}}
,"/Users/parastoo/Downloads/thiswayupau-garden4camps-dcc039ffe829/src/utiles/useProperties.ts": {"path":"/Users/parastoo/Downloads/thiswayupau-garden4camps-dcc039ffe829/src/utiles/useProperties.ts","statementMap":{"0":{"start":{"line":1,"column":0},"end":{"line":1,"column":42}},"1":{"start":{"line":3,"column":29},"end":{"line":5,"column":1}},"2":{"start":{"line":4,"column":2},"end":{"line":4,"column":47}},"3":{"start":{"line":4,"column":29},"end":{"line":4,"column":45}},"4":{"start":{"line":3,"column":13},"end":{"line":3,"column":29}}},"fnMap":{"0":{"name":"(anonymous_0)","decl":{"start":{"line":3,"column":29},"end":{"line":3,"column":32}},"loc":{"start":{"line":3,"column":34},"end":{"line":5,"column":1}}},"1":{"name":"(anonymous_1)","decl":{"start":{"line":4,"column":18},"end":{"line":4,"column":19}},"loc":{"start":{"line":4,"column":29},"end":{"line":4,"column":45}}}},"branchMap":{},"s":{"0":1,"1":1,"2":3,"3":3,"4":1},"f":{"0":3,"1":3},"b":{}}
,"/Users/parastoo/Downloads/thiswayupau-garden4camps-dcc039ffe829/src/utiles/useUserStore.ts": {"path":"/Users/parastoo/Downloads/thiswayupau-garden4camps-dcc039ffe829/src/utiles/useUserStore.ts","statementMap":{"0":{"start":{"line":1,"column":0},"end":{"line":1,"column":64}},"1":{"start":{"line":3,"column":24},"end":{"line":5,"column":1}},"2":{"start":{"line":4,"column":2},"end":{"line":4,"column":58}},"3":{"start":{"line":4,"column":45},"end":{"line":4,"column":56}},"4":{"start":{"line":3,"column":13},"end":{"line":3,"column":24}},"5":{"start":{"line":7,"column":30},"end":{"line":9,"column":1}},"6":{"start":{"line":8,"column":2},"end":{"line":8,"column":64}},"7":{"start":{"line":8,"column":45},"end":{"line":8,"column":62}},"8":{"start":{"line":7,"column":13},"end":{"line":7,"column":30}},"9":{"start":{"line":11,"column":28},"end":{"line":13,"column":1}},"10":{"start":{"line":12,"column":2},"end":{"line":12,"column":60}},"11":{"start":{"line":12,"column":45},"end":{"line":12,"column":58}},"12":{"start":{"line":11,"column":13},"end":{"line":11,"column":28}},"13":{"start":{"line":15,"column":24},"end":{"line":17,"column":1}},"14":{"start":{"line":16,"column":2},"end":{"line":16,"column":58}},"15":{"start":{"line":16,"column":45},"end":{"line":16,"column":56}},"16":{"start":{"line":15,"column":13},"end":{"line":15,"column":24}},"17":{"start":{"line":19,"column":27},"end":{"line":21,"column":1}},"18":{"start":{"line":20,"column":2},"end":{"line":20,"column":61}},"19":{"start":{"line":20,"column":45},"end":{"line":20,"column":59}},"20":{"start":{"line":19,"column":13},"end":{"line":19,"column":27}},"21":{"start":{"line":23,"column":33},"end":{"line":25,"column":1}},"22":{"start":{"line":24,"column":2},"end":{"line":24,"column":67}},"23":{"start":{"line":24,"column":45},"end":{"line":24,"column":65}},"24":{"start":{"line":23,"column":13},"end":{"line":23,"column":33}},"25":{"start":{"line":27,"column":29},"end":{"line":29,"column":1}},"26":{"start":{"line":28,"column":2},"end":{"line":28,"column":63}},"27":{"start":{"line":28,"column":45},"end":{"line":28,"column":61}},"28":{"start":{"line":27,"column":13},"end":{"line":27,"column":29}},"29":{"start":{"line":31,"column":27},"end":{"line":33,"column":1}},"30":{"start":{"line":32,"column":2},"end":{"line":32,"column":61}},"31":{"start":{"line":32,"column":45},"end":{"line":32,"column":59}},"32":{"start":{"line":31,"column":13},"end":{"line":31,"column":27}},"33":{"start":{"line":35,"column":24},"end":{"line":41,"column":1}},"34":{"start":{"line":40,"column":2},"end":{"line":40,"column":58}},"35":{"start":{"line":40,"column":45},"end":{"line":40,"column":56}},"36":{"start":{"line":35,"column":13},"end":{"line":35,"column":24}},"37":{"start":{"line":43,"column":25},"end":{"line":45,"column":1}},"38":{"start":{"line":44,"column":2},"end":{"line":44,"column":59}},"39":{"start":{"line":44,"column":45},"end":{"line":44,"column":57}},"40":{"start":{"line":43,"column":13},"end":{"line":43,"column":25}}},"fnMap":{"0":{"name":"(anonymous_0)","decl":{"start":{"line":3,"column":24},"end":{"line":3,"column":27}},"loc":{"start":{"line":3,"column":29},"end":{"line":5,"column":1}}},"1":{"name":"(anonymous_1)","decl":{"start":{"line":4,"column":18},"end":{"line":4,"column":19}},"loc":{"start":{"line":4,"column":45},"end":{"line":4,"column":56}}},"2":{"name":"(anonymous_2)","decl":{"start":{"line":7,"column":30},"end":{"line":7,"column":33}},"loc":{"start":{"line":7,"column":35},"end":{"line":9,"column":1}}},"3":{"name":"(anonymous_3)","decl":{"start":{"line":8,"column":18},"end":{"line":8,"column":19}},"loc":{"start":{"line":8,"column":45},"end":{"line":8,"column":62}}},"4":{"name":"(anonymous_4)","decl":{"start":{"line":11,"column":28},"end":{"line":11,"column":31}},"loc":{"start":{"line":11,"column":33},"end":{"line":13,"column":1}}},"5":{"name":"(anonymous_5)","decl":{"start":{"line":12,"column":18},"end":{"line":12,"column":19}},"loc":{"start":{"line":12,"column":45},"end":{"line":12,"column":58}}},"6":{"name":"(anonymous_6)","decl":{"start":{"line":15,"column":24},"end":{"line":15,"column":27}},"loc":{"start":{"line":15,"column":29},"end":{"line":17,"column":1}}},"7":{"name":"(anonymous_7)","decl":{"start":{"line":16,"column":18},"end":{"line":16,"column":19}},"loc":{"start":{"line":16,"column":45},"end":{"line":16,"column":56}}},"8":{"name":"(anonymous_8)","decl":{"start":{"line":19,"column":27},"end":{"line":19,"column":57}},"loc":{"start":{"line":19,"column":59},"end":{"line":21,"column":1}}},"9":{"name":"(anonymous_9)","decl":{"start":{"line":20,"column":18},"end":{"line":20,"column":19}},"loc":{"start":{"line":20,"column":45},"end":{"line":20,"column":59}}},"10":{"name":"(anonymous_10)","decl":{"start":{"line":23,"column":33},"end":{"line":23,"column":74}},"loc":{"start":{"line":23,"column":76},"end":{"line":25,"column":1}}},"11":{"name":"(anonymous_11)","decl":{"start":{"line":24,"column":18},"end":{"line":24,"column":19}},"loc":{"start":{"line":24,"column":45},"end":{"line":24,"column":65}}},"12":{"name":"(anonymous_12)","decl":{"start":{"line":27,"column":29},"end":{"line":27,"column":62}},"loc":{"start":{"line":27,"column":64},"end":{"line":29,"column":1}}},"13":{"name":"(anonymous_13)","decl":{"start":{"line":28,"column":18},"end":{"line":28,"column":19}},"loc":{"start":{"line":28,"column":45},"end":{"line":28,"column":61}}},"14":{"name":"(anonymous_14)","decl":{"start":{"line":31,"column":27},"end":{"line":31,"column":64}},"loc":{"start":{"line":31,"column":66},"end":{"line":33,"column":1}}},"15":{"name":"(anonymous_15)","decl":{"start":{"line":32,"column":18},"end":{"line":32,"column":19}},"loc":{"start":{"line":32,"column":45},"end":{"line":32,"column":59}}},"16":{"name":"(anonymous_16)","decl":{"start":{"line":35,"column":24},"end":{"line":35,"column":null}},"loc":{"start":{"line":39,"column":13},"end":{"line":41,"column":1}}},"17":{"name":"(anonymous_17)","decl":{"start":{"line":40,"column":18},"end":{"line":40,"column":19}},"loc":{"start":{"line":40,"column":45},"end":{"line":40,"column":56}}},"18":{"name":"(anonymous_18)","decl":{"start":{"line":43,"column":25},"end":{"line":43,"column":42}},"loc":{"start":{"line":43,"column":44},"end":{"line":45,"column":1}}},"19":{"name":"(anonymous_19)","decl":{"start":{"line":44,"column":18},"end":{"line":44,"column":19}},"loc":{"start":{"line":44,"column":45},"end":{"line":44,"column":57}}}},"branchMap":{},"s":{"0":1,"1":1,"2":0,"3":0,"4":1,"5":1,"6":0,"7":0,"8":1,"9":1,"10":0,"11":0,"12":1,"13":1,"14":0,"15":0,"16":1,"17":1,"18":0,"19":0,"20":1,"21":1,"22":0,"23":0,"24":1,"25":1,"26":0,"27":0,"28":1,"29":1,"30":0,"31":0,"32":1,"33":1,"34":0,"35":0,"36":1,"37":1,"38":0,"39":0,"40":1},"f":{"0":0,"1":0,"2":0,"3":0,"4":0,"5":0,"6":0,"7":0,"8":0,"9":0,"10":0,"11":0,"12":0,"13":0,"14":0,"15":0,"16":0,"17":0,"18":0,"19":0},"b":{}}
,"/Users/parastoo/Downloads/thiswayupau-garden4camps-dcc039ffe829/src/views/AddPropertyModal.tsx": {"path":"/Users/parastoo/Downloads/thiswayupau-garden4camps-dcc039ffe829/src/views/AddPropertyModal.tsx","statementMap":{"0":{"start":{"line":1,"column":0},"end":{"line":1,"column":51}},"1":{"start":{"line":2,"column":0},"end":{"line":2,"column":50}},"2":{"start":{"line":5,"column":58},"end":{"line":115,"column":1}},"3":{"start":{"line":13,"column":17},"end":{"line":13,"column":31}},"4":{"start":{"line":14,"column":32},"end":{"line":14,"column":47}},"5":{"start":{"line":16,"column":2},"end":{"line":22,"column":27}},"6":{"start":{"line":17,"column":4},"end":{"line":21,"column":null}},"7":{"start":{"line":18,"column":6},"end":{"line":18,"column":42}},"8":{"start":{"line":20,"column":6},"end":{"line":20,"column":25}},"9":{"start":{"line":24,"column":23},"end":{"line":37,"column":3}},"10":{"start":{"line":25,"column":4},"end":{"line":36,"column":7}},"11":{"start":{"line":26,"column":6},"end":{"line":26,"column":23}},"12":{"start":{"line":27,"column":6},"end":{"line":33,"column":null}},"13":{"start":{"line":28,"column":8},"end":{"line":30,"column":null}},"14":{"start":{"line":29,"column":10},"end":{"line":29,"column":55}},"15":{"start":{"line":32,"column":8},"end":{"line":32,"column":30}},"16":{"start":{"line":34,"column":6},"end":{"line":34,"column":24}},"17":{"start":{"line":35,"column":6},"end":{"line":35,"column":25}},"18":{"start":{"line":39,"column":2},"end":{"line":114,"column":4}},"19":{"start":{"line":117,"column":0},"end":{"line":117,"column":32}}},"fnMap":{"0":{"name":"(anonymous_6)","decl":{"start":{"line":5,"column":58},"end":{"line":5,"column":59}},"loc":{"start":{"line":12,"column":5},"end":{"line":115,"column":1}}},"1":{"name":"(anonymous_7)","decl":{"start":{"line":16,"column":12},"end":{"line":16,"column":15}},"loc":{"start":{"line":16,"column":17},"end":{"line":22,"column":3}}},"2":{"name":"(anonymous_8)","decl":{"start":{"line":24,"column":23},"end":{"line":24,"column":26}},"loc":{"start":{"line":24,"column":28},"end":{"line":37,"column":3}}},"3":{"name":"(anonymous_9)","decl":{"start":{"line":25,"column":31},"end":{"line":25,"column":32}},"loc":{"start":{"line":25,"column":42},"end":{"line":36,"column":5}}}},"branchMap":{"0":{"loc":{"start":{"line":17,"column":4},"end":{"line":21,"column":null}},"type":"if","locations":[{"start":{"line":17,"column":4},"end":{"line":21,"column":null}},{"start":{"line":19,"column":11},"end":{"line":21,"column":null}}]},"1":{"loc":{"start":{"line":27,"column":6},"end":{"line":33,"column":null}},"type":"if","locations":[{"start":{"line":27,"column":6},"end":{"line":33,"column":null}},{"start":{"line":31,"column":13},"end":{"line":33,"column":null}}]},"2":{"loc":{"start":{"line":28,"column":8},"end":{"line":30,"column":null}},"type":"if","locations":[{"start":{"line":28,"column":8},"end":{"line":30,"column":null}}]},"3":{"loc":{"start":{"line":28,"column":12},"end":{"line":28,"column":49}},"type":"binary-expr","locations":[{"start":{"line":28,"column":12},"end":{"line":28,"column":26}},{"start":{"line":28,"column":30},"end":{"line":28,"column":49}}]},"4":{"loc":{"start":{"line":29,"column":25},"end":{"line":29,"column":45}},"type":"cond-expr","locations":[{"start":{"line":29,"column":39},"end":{"line":29,"column":41}},{"start":{"line":29,"column":25},"end":{"line":29,"column":45}}]},"5":{"loc":{"start":{"line":29,"column":25},"end":{"line":29,"column":41}},"type":"binary-expr","locations":[{"start":{"line":29,"column":25},"end":{"line":29,"column":41}},{"start":{"line":29,"column":25},"end":{"line":29,"column":41}}]},"6":{"loc":{"start":{"line":42,"column":13},"end":{"line":42,"column":62}},"type":"cond-expr","locations":[{"start":{"line":42,"column":30},"end":{"line":42,"column":45}},{"start":{"line":42,"column":48},"end":{"line":42,"column":62}}]},"7":{"loc":{"start":{"line":54,"column":11},"end":{"line":54,"column":50}},"type":"cond-expr","locations":[{"start":{"line":54,"column":34},"end":{"line":54,"column":42}},{"start":{"line":54,"column":45},"end":{"line":54,"column":50}}]}},"s":{"0":1,"1":1,"2":1,"3":3,"4":3,"5":3,"6":3,"7":0,"8":3,"9":3,"10":0,"11":0,"12":0,"13":0,"14":0,"15":0,"16":0,"17":0,"18":3,"19":1},"f":{"0":3,"1":3,"2":0,"3":0},"b":{"0":[0,3],"1":[0,0],"2":[0],"3":[0,0],"4":[0,0],"5":[0,0],"6":[0,3],"7":[0,3]}}
,"/Users/parastoo/Downloads/thiswayupau-garden4camps-dcc039ffe829/src/views/FilterModal.tsx": {"path":"/Users/parastoo/Downloads/thiswayupau-garden4camps-dcc039ffe829/src/views/FilterModal.tsx","statementMap":{"0":{"start":{"line":1,"column":0},"end":{"line":1,"column":40}},"1":{"start":{"line":2,"column":0},"end":{"line":2,"column":55}},"2":{"start":{"line":3,"column":0},"end":{"line":3,"column":67}},"3":{"start":{"line":7,"column":48},"end":{"line":71,"column":1}},"4":{"start":{"line":12,"column":38},"end":{"line":12,"column":75}},"5":{"start":{"line":13,"column":36},"end":{"line":13,"column":58}},"6":{"start":{"line":15,"column":28},"end":{"line":17,"column":3}},"7":{"start":{"line":16,"column":4},"end":{"line":16,"column":25}},"8":{"start":{"line":19,"column":32},"end":{"line":21,"column":3}},"9":{"start":{"line":20,"column":4},"end":{"line":20,"column":44}},"10":{"start":{"line":23,"column":27},"end":{"line":31,"column":3}},"11":{"start":{"line":24,"column":20},"end":{"line":27,"column":6}},"12":{"start":{"line":28,"column":4},"end":{"line":30,"column":null}},"13":{"start":{"line":29,"column":6},"end":{"line":29,"column":29}},"14":{"start":{"line":33,"column":2},"end":{"line":70,"column":4}},"15":{"start":{"line":55,"column":35},"end":{"line":55,"column":46}},"16":{"start":{"line":73,"column":0},"end":{"line":73,"column":27}}},"fnMap":{"0":{"name":"(anonymous_6)","decl":{"start":{"line":7,"column":48},"end":{"line":7,"column":49}},"loc":{"start":{"line":11,"column":5},"end":{"line":71,"column":1}}},"1":{"name":"(anonymous_7)","decl":{"start":{"line":15,"column":28},"end":{"line":15,"column":29}},"loc":{"start":{"line":15,"column":56},"end":{"line":17,"column":3}}},"2":{"name":"(anonymous_8)","decl":{"start":{"line":19,"column":32},"end":{"line":19,"column":33}},"loc":{"start":{"line":19,"column":71},"end":{"line":21,"column":3}}},"3":{"name":"(anonymous_9)","decl":{"start":{"line":23,"column":27},"end":{"line":23,"column":30}},"loc":{"start":{"line":23,"column":32},"end":{"line":31,"column":3}}},"4":{"name":"(anonymous_10)","decl":{"start":{"line":55,"column":24},"end":{"line":55,"column":25}},"loc":{"start":{"line":55,"column":35},"end":{"line":55,"column":46}}}},"branchMap":{"0":{"loc":{"start":{"line":28,"column":4},"end":{"line":30,"column":null}},"type":"if","locations":[{"start":{"line":28,"column":4},"end":{"line":30,"column":null}}]},"1":{"loc":{"start":{"line":28,"column":8},"end":{"line":28,"column":45}},"type":"binary-expr","locations":[{"start":{"line":28,"column":8},"end":{"line":28,"column":18}},{"start":{"line":28,"column":22},"end":{"line":28,"column":45}}]}},"s":{"0":1,"1":1,"2":1,"3":1,"4":3,"5":3,"6":3,"7":0,"8":3,"9":0,"10":3,"11":0,"12":0,"13":0,"14":3,"15":0,"16":1},"f":{"0":3,"1":0,"2":0,"3":0,"4":0},"b":{"0":[0],"1":[0,0]}}
,"/Users/parastoo/Downloads/thiswayupau-garden4camps-dcc039ffe829/src/views/Home.tsx": {"path":"/Users/parastoo/Downloads/thiswayupau-garden4camps-dcc039ffe829/src/views/Home.tsx","statementMap":{"0":{"start":{"line":1,"column":0},"end":{"line":1,"column":40}},"1":{"start":{"line":2,"column":0},"end":{"line":2,"column":47}},"2":{"start":{"line":3,"column":0},"end":{"line":3,"column":64}},"3":{"start":{"line":4,"column":0},"end":{"line":4,"column":56}},"4":{"start":{"line":5,"column":0},"end":{"line":5,"column":40}},"5":{"start":{"line":6,"column":0},"end":{"line":6,"column":50}},"6":{"start":{"line":7,"column":0},"end":{"line":7,"column":56}},"7":{"start":{"line":10,"column":20},"end":{"line":10,"column":26}},"8":{"start":{"line":12,"column":23},"end":{"line":167,"column":1}},"9":{"start":{"line":13,"column":44},"end":{"line":13,"column":68}},"10":{"start":{"line":14,"column":25},"end":{"line":14,"column":40}},"11":{"start":{"line":15,"column":38},"end":{"line":15,"column":74}},"12":{"start":{"line":16,"column":54},"end":{"line":16,"column":78}},"13":{"start":{"line":17,"column":36},"end":{"line":17,"column":56}},"14":{"start":{"line":18,"column":50},"end":{"line":19,"column":null}},"15":{"start":{"line":21,"column":22},"end":{"line":21,"column":38}},"16":{"start":{"line":22,"column":19},"end":{"line":22,"column":32}},"17":{"start":{"line":24,"column":30},"end":{"line":26,"column":3}},"18":{"start":{"line":25,"column":4},"end":{"line":25,"column":45}},"19":{"start":{"line":29,"column":31},"end":{"line":36,"column":6}},"20":{"start":{"line":31,"column":8},"end":{"line":31,"column":74}},"21":{"start":{"line":32,"column":32},"end":{"line":33,"column":null}},"22":{"start":{"line":33,"column":8},"end":{"line":33,"column":44}},"23":{"start":{"line":35,"column":6},"end":{"line":35,"column":47}},"24":{"start":{"line":37,"column":4},"end":{"line":37,"column":38}},"25":{"start":{"line":40,"column":28},"end":{"line":60,"column":3}},"26":{"start":{"line":41,"column":17},"end":{"line":41,"column":44}},"27":{"start":{"line":42,"column":24},"end":{"line":57,"column":6}},"28":{"start":{"line":58,"column":4},"end":{"line":58,"column":48}},"29":{"start":{"line":59,"column":4},"end":{"line":59,"column":33}},"30":{"start":{"line":62,"column":29},"end":{"line":73,"column":3}},"31":{"start":{"line":63,"column":27},"end":{"line":64,"column":null}},"32":{"start":{"line":64,"column":20},"end":{"line":64,"column":42}},"33":{"start":{"line":66,"column":4},"end":{"line":72,"column":null}},"34":{"start":{"line":67,"column":27},"end":{"line":67,"column":62}},"35":{"start":{"line":68,"column":32},"end":{"line":69,"column":null}},"36":{"start":{"line":69,"column":8},"end":{"line":69,"column":59}},"37":{"start":{"line":71,"column":6},"end":{"line":71,"column":39}},"38":{"start":{"line":75,"column":23},"end":{"line":78,"column":3}},"39":{"start":{"line":76,"column":24},"end":{"line":76,"column":79}},"40":{"start":{"line":76,"column":56},"end":{"line":76,"column":78}},"41":{"start":{"line":77,"column":4},"end":{"line":77,"column":31}},"42":{"start":{"line":80,"column":2},"end":{"line":166,"column":4}},"43":{"start":{"line":85,"column":33},"end":{"line":85,"column":55}},"44":{"start":{"line":89,"column":16},"end":{"line":89,"column":36}},"45":{"start":{"line":90,"column":16},"end":{"line":90,"column":44}},"46":{"start":{"line":98,"column":66},"end":{"line":149,"column":12}},"47":{"start":{"line":105,"column":22},"end":{"line":106,"column":null}},"48":{"start":{"line":113,"column":35},"end":{"line":113,"column":64}},"49":{"start":{"line":122,"column":24},"end":{"line":122,"column":45}},"50":{"start":{"line":123,"column":24},"end":{"line":123,"column":52}},"51":{"start":{"line":124,"column":24},"end":{"line":124,"column":54}},"52":{"start":{"line":134,"column":37},"end":{"line":134,"column":64}},"53":{"start":{"line":153,"column":26},"end":{"line":153,"column":49}},"54":{"start":{"line":158,"column":26},"end":{"line":158,"column":54}},"55":{"start":{"line":169,"column":0},"end":{"line":169,"column":20}}},"fnMap":{"0":{"name":"(anonymous_7)","decl":{"start":{"line":12,"column":23},"end":{"line":12,"column":26}},"loc":{"start":{"line":12,"column":28},"end":{"line":167,"column":1}}},"1":{"name":"(anonymous_8)","decl":{"start":{"line":24,"column":30},"end":{"line":24,"column":31}},"loc":{"start":{"line":24,"column":59},"end":{"line":26,"column":3}}},"2":{"name":"handleFilterChange","decl":{"start":{"line":28,"column":11},"end":{"line":28,"column":29}},"loc":{"start":{"line":28,"column":68},"end":{"line":38,"column":3}}},"3":{"name":"(anonymous_10)","decl":{"start":{"line":29,"column":53},"end":{"line":29,"column":54}},"loc":{"start":{"line":29,"column":66},"end":{"line":36,"column":5}}},"4":{"name":"(anonymous_11)","decl":{"start":{"line":32,"column":56},"end":{"line":32,"column":57}},"loc":{"start":{"line":33,"column":8},"end":{"line":33,"column":44}}},"5":{"name":"(anonymous_12)","decl":{"start":{"line":40,"column":28},"end":{"line":40,"column":29}},"loc":{"start":{"line":40,"column":60},"end":{"line":60,"column":3}}},"6":{"name":"(anonymous_13)","decl":{"start":{"line":62,"column":29},"end":{"line":62,"column":30}},"loc":{"start":{"line":62,"column":70},"end":{"line":73,"column":3}}},"7":{"name":"(anonymous_14)","decl":{"start":{"line":64,"column":6},"end":{"line":64,"column":7}},"loc":{"start":{"line":64,"column":20},"end":{"line":64,"column":42}}},"8":{"name":"(anonymous_15)","decl":{"start":{"line":68,"column":47},"end":{"line":68,"column":48}},"loc":{"start":{"line":69,"column":8},"end":{"line":69,"column":59}}},"9":{"name":"(anonymous_16)","decl":{"start":{"line":75,"column":23},"end":{"line":75,"column":24}},"loc":{"start":{"line":75,"column":46},"end":{"line":78,"column":3}}},"10":{"name":"(anonymous_17)","decl":{"start":{"line":76,"column":42},"end":{"line":76,"column":43}},"loc":{"start":{"line":76,"column":56},"end":{"line":76,"column":78}}},"11":{"name":"(anonymous_18)","decl":{"start":{"line":85,"column":27},"end":{"line":85,"column":30}},"loc":{"start":{"line":85,"column":33},"end":{"line":85,"column":55}}},"12":{"name":"(anonymous_19)","decl":{"start":{"line":88,"column":23},"end":{"line":88,"column":26}},"loc":{"start":{"line":88,"column":28},"end":{"line":91,"column":15}}},"13":{"name":"(anonymous_20)","decl":{"start":{"line":98,"column":27},"end":{"line":98,"column":28}},"loc":{"start":{"line":98,"column":65},"end":{"line":149,"column":12}}},"14":{"name":"(anonymous_21)","decl":{"start":{"line":104,"column":45},"end":{"line":104,"column":46}},"loc":{"start":{"line":105,"column":22},"end":{"line":106,"column":null}}},"15":{"name":"(anonymous_22)","decl":{"start":{"line":113,"column":29},"end":{"line":113,"column":32}},"loc":{"start":{"line":113,"column":35},"end":{"line":113,"column":64}}},"16":{"name":"(anonymous_23)","decl":{"start":{"line":121,"column":31},"end":{"line":121,"column":34}},"loc":{"start":{"line":121,"column":36},"end":{"line":125,"column":23}}},"17":{"name":"(anonymous_24)","decl":{"start":{"line":134,"column":31},"end":{"line":134,"column":34}},"loc":{"start":{"line":134,"column":37},"end":{"line":134,"column":64}}},"18":{"name":"(anonymous_25)","decl":{"start":{"line":153,"column":20},"end":{"line":153,"column":23}},"loc":{"start":{"line":153,"column":26},"end":{"line":153,"column":49}}},"19":{"name":"(anonymous_26)","decl":{"start":{"line":158,"column":20},"end":{"line":158,"column":23}},"loc":{"start":{"line":158,"column":26},"end":{"line":158,"column":54}}}},"branchMap":{"0":{"loc":{"start":{"line":31,"column":8},"end":{"line":31,"column":74}},"type":"binary-expr","locations":[{"start":{"line":31,"column":8},"end":{"line":31,"column":39}},{"start":{"line":31,"column":43},"end":{"line":31,"column":74}}]},"1":{"loc":{"start":{"line":35,"column":13},"end":{"line":35,"column":46}},"type":"binary-expr","locations":[{"start":{"line":35,"column":13},"end":{"line":35,"column":25}},{"start":{"line":35,"column":29},"end":{"line":35,"column":46}}]},"2":{"loc":{"start":{"line":41,"column":17},"end":{"line":41,"column":44}},"type":"cond-expr","locations":[{"start":{"line":41,"column":23},"end":{"line":41,"column":25}},{"start":{"line":41,"column":17},"end":{"line":41,"column":44}}]},"3":{"loc":{"start":{"line":41,"column":17},"end":{"line":41,"column":25}},"type":"binary-expr","locations":[{"start":{"line":41,"column":17},"end":{"line":41,"column":25}},{"start":{"line":41,"column":17},"end":{"line":41,"column":25}}]},"4":{"loc":{"start":{"line":53,"column":14},"end":{"line":53,"column":46}},"type":"binary-expr","locations":[{"start":{"line":53,"column":14},"end":{"line":53,"column":35}},{"start":{"line":53,"column":39},"end":{"line":53,"column":46}}]},"5":{"loc":{"start":{"line":53,"column":14},"end":{"line":53,"column":35}},"type":"cond-expr","locations":[{"start":{"line":53,"column":25},"end":{"line":53,"column":27}},{"start":{"line":53,"column":14},"end":{"line":53,"column":35}}]},"6":{"loc":{"start":{"line":53,"column":14},"end":{"line":53,"column":27}},"type":"binary-expr","locations":[{"start":{"line":53,"column":14},"end":{"line":53,"column":27}},{"start":{"line":53,"column":14},"end":{"line":53,"column":27}}]},"7":{"loc":{"start":{"line":66,"column":4},"end":{"line":72,"column":null}},"type":"if","locations":[{"start":{"line":66,"column":4},"end":{"line":72,"column":null}}]},"8":{"loc":{"start":{"line":69,"column":8},"end":{"line":69,"column":59}},"type":"cond-expr","locations":[{"start":{"line":69,"column":33},"end":{"line":69,"column":48}},{"start":{"line":69,"column":51},"end":{"line":69,"column":59}}]},"9":{"loc":{"start":{"line":86,"column":11},"end":{"line":94,"column":null}},"type":"binary-expr","locations":[{"start":{"line":86,"column":11},"end":{"line":86,"column":40}},{"start":{"line":87,"column":12},"end":{"line":91,"column":null}}]},"10":{"loc":{"start":{"line":86,"column":11},"end":{"line":86,"column":28}},"type":"cond-expr","locations":[{"start":{"line":86,"column":22},"end":{"line":86,"column":24}},{"start":{"line":86,"column":11},"end":{"line":86,"column":28}}]},"11":{"loc":{"start":{"line":86,"column":11},"end":{"line":86,"column":24}},"type":"binary-expr","locations":[{"start":{"line":86,"column":11},"end":{"line":86,"column":24}},{"start":{"line":86,"column":11},"end":{"line":86,"column":24}}]},"12":{"loc":{"start":{"line":98,"column":11},"end":{"line":149,"column":12}},"type":"cond-expr","locations":[{"start":{"line":98,"column":21},"end":{"line":98,"column":23}},{"start":{"line":98,"column":11},"end":{"line":149,"column":12}}]},"13":{"loc":{"start":{"line":98,"column":11},"end":{"line":98,"column":23}},"type":"binary-expr","locations":[{"start":{"line":98,"column":11},"end":{"line":98,"column":23}},{"start":{"line":98,"column":11},"end":{"line":98,"column":23}}]},"14":{"loc":{"start":{"line":99,"column":45},"end":{"line":99,"column":58}},"type":"cond-expr","locations":[{"start":{"line":99,"column":53},"end":{"line":99,"column":55}},{"start":{"line":99,"column":45},"end":{"line":99,"column":58}}]},"15":{"loc":{"start":{"line":99,"column":45},"end":{"line":99,"column":55}},"type":"binary-expr","locations":[{"start":{"line":99,"column":45},"end":{"line":99,"column":55}},{"start":{"line":99,"column":45},"end":{"line":99,"column":55}}]},"16":{"loc":{"start":{"line":104,"column":21},"end":{"line":108,"column":22}},"type":"cond-expr","locations":[{"start":{"line":104,"column":39},"end":{"line":104,"column":41}},{"start":{"line":104,"column":39},"end":{"line":108,"column":22}}]},"17":{"loc":{"start":{"line":104,"column":21},"end":{"line":104,"column":41}},"type":"binary-expr","locations":[{"start":{"line":104,"column":21},"end":{"line":104,"column":41}},{"start":{"line":104,"column":39},"end":{"line":104,"column":41}}]},"18":{"loc":{"start":{"line":104,"column":21},"end":{"line":104,"column":39}},"type":"cond-expr","locations":[{"start":{"line":104,"column":29},"end":{"line":104,"column":31}},{"start":{"line":104,"column":21},"end":{"line":104,"column":39}}]},"19":{"loc":{"start":{"line":104,"column":21},"end":{"line":104,"column":31}},"type":"binary-expr","locations":[{"start":{"line":104,"column":21},"end":{"line":104,"column":31}},{"start":{"line":104,"column":21},"end":{"line":104,"column":31}}]},"20":{"loc":{"start":{"line":119,"column":18},"end":{"line":130,"column":null}},"type":"binary-expr","locations":[{"start":{"line":119,"column":18},"end":{"line":119,"column":47}},{"start":{"line":120,"column":20},"end":{"line":127,"column":null}}]},"21":{"loc":{"start":{"line":119,"column":18},"end":{"line":119,"column":35}},"type":"cond-expr","locations":[{"start":{"line":119,"column":29},"end":{"line":119,"column":31}},{"start":{"line":119,"column":18},"end":{"line":119,"column":35}}]},"22":{"loc":{"start":{"line":119,"column":18},"end":{"line":119,"column":31}},"type":"binary-expr","locations":[{"start":{"line":119,"column":18},"end":{"line":119,"column":31}},{"start":{"line":119,"column":18},"end":{"line":119,"column":31}}]},"23":{"loc":{"start":{"line":132,"column":18},"end":{"line":139,"column":null}},"type":"binary-expr","locations":[{"start":{"line":132,"column":18},"end":{"line":132,"column":47}},{"start":{"line":133,"column":20},"end":{"line":136,"column":null}}]},"24":{"loc":{"start":{"line":132,"column":18},"end":{"line":132,"column":35}},"type":"cond-expr","locations":[{"start":{"line":132,"column":29},"end":{"line":132,"column":31}},{"start":{"line":132,"column":18},"end":{"line":132,"column":35}}]},"25":{"loc":{"start":{"line":132,"column":18},"end":{"line":132,"column":31}},"type":"binary-expr","locations":[{"start":{"line":132,"column":18},"end":{"line":132,"column":31}},{"start":{"line":132,"column":18},"end":{"line":132,"column":31}}]}},"s":{"0":1,"1":1,"2":1,"3":1,"4":1,"5":1,"6":1,"7":1,"8":1,"9":3,"10":3,"11":3,"12":3,"13":3,"14":3,"15":3,"16":3,"17":3,"18":0,"19":0,"20":0,"21":0,"22":0,"23":0,"24":0,"25":3,"26":0,"27":0,"28":0,"29":0,"30":3,"31":0,"32":0,"33":0,"34":0,"35":0,"36":0,"37":0,"38":3,"39":0,"40":0,"41":0,"42":3,"43":0,"44":0,"45":0,"46":18,"47":96,"48":0,"49":0,"50":0,"51":0,"52":0,"53":0,"54":0,"55":1},"f":{"0":3,"1":0,"2":0,"3":0,"4":0,"5":0,"6":0,"7":0,"8":0,"9":0,"10":0,"11":0,"12":0,"13":18,"14":96,"15":0,"16":0,"17":0,"18":0,"19":0},"b":{"0":[0,0],"1":[0,0],"2":[0,0],"3":[0,0],"4":[0,0],"5":[0,0],"6":[0,0],"7":[0],"8":[0,0],"9":[3,1],"10":[2,1],"11":[3,3],"12":[0,3],"13":[3,3],"14":[0,18],"15":[18,18],"16":[0,18],"17":[18,18],"18":[0,18],"19":[18,18],"20":[18,6],"21":[12,6],"22":[18,18],"23":[18,6],"24":[12,6],"25":[18,18]}}
}
