TN:
SF:src/constants/filter.ts
FNF:0
FNH:0
DA:1,1
DA:8,1
LF:2
LH:2
BRF:0
BRH:0
end_of_record
TN:
SF:src/store/store.ts
FN:66,(anonymous_8)
FN:80,(anonymous_9)
FN:81,(anonymous_10)
FN:84,(anonymous_11)
FN:87,(anonymous_12)
FN:90,(anonymous_13)
FN:93,(anonymous_14)
FN:96,(anonymous_15)
FN:99,(anonymous_16)
FN:99,(anonymous_17)
FN:103,(anonymous_18)
FN:120,(anonymous_19)
FN:120,(anonymous_20)
FNF:13
FNH:1
FNDA:0,(anonymous_8)
FNDA:2,(anonymous_9)
FNDA:0,(anonymous_10)
FNDA:0,(anonymous_11)
FNDA:0,(anonymous_12)
FNDA:0,(anonymous_13)
FNDA:0,(anonymous_14)
FNDA:0,(anonymous_15)
FNDA:0,(anonymous_16)
FNDA:0,(anonymous_17)
FNDA:0,(anonymous_18)
FNDA:0,(anonymous_19)
FNDA:0,(anonymous_20)
DA:1,2
DA:2,2
DA:3,2
DA:4,2
DA:53,2
DA:80,2
DA:82,0
DA:85,0
DA:88,0
DA:91,0
DA:94,0
DA:97,0
DA:99,0
DA:101,0
DA:102,0
DA:104,0
DA:109,0
DA:110,0
DA:115,0
DA:117,0
DA:120,0
DA:121,0
DA:127,2
LF:23
LH:7
BRDA:104,0,0,0
BRDA:104,0,1,0
BRDA:104,0,2,0
BRDA:109,1,0,0
BRDA:109,1,1,0
BRDA:128,2,0,0
BRDA:128,2,1,2
BRDA:128,3,0,2
BRDA:128,3,1,2
BRF:9
BRH:3
end_of_record
TN:
SF:src/utiles/useProperties.ts
FN:3,(anonymous_0)
FN:4,(anonymous_1)
FNF:2
FNH:2
FNDA:3,(anonymous_0)
FNDA:3,(anonymous_1)
DA:1,1
DA:3,1
DA:4,3
LF:3
LH:3
BRF:0
BRH:0
end_of_record
TN:
SF:src/utiles/useUserStore.ts
FN:3,(anonymous_0)
FN:4,(anonymous_1)
FN:7,(anonymous_2)
FN:8,(anonymous_3)
FN:11,(anonymous_4)
FN:12,(anonymous_5)
FN:15,(anonymous_6)
FN:16,(anonymous_7)
FN:19,(anonymous_8)
FN:20,(anonymous_9)
FN:23,(anonymous_10)
FN:24,(anonymous_11)
FN:27,(anonymous_12)
FN:28,(anonymous_13)
FN:31,(anonymous_14)
FN:32,(anonymous_15)
FN:35,(anonymous_16)
FN:40,(anonymous_17)
FN:43,(anonymous_18)
FN:44,(anonymous_19)
FNF:20
FNH:0
FNDA:0,(anonymous_0)
FNDA:0,(anonymous_1)
FNDA:0,(anonymous_2)
FNDA:0,(anonymous_3)
FNDA:0,(anonymous_4)
FNDA:0,(anonymous_5)
FNDA:0,(anonymous_6)
FNDA:0,(anonymous_7)
FNDA:0,(anonymous_8)
FNDA:0,(anonymous_9)
FNDA:0,(anonymous_10)
FNDA:0,(anonymous_11)
FNDA:0,(anonymous_12)
FNDA:0,(anonymous_13)
FNDA:0,(anonymous_14)
FNDA:0,(anonymous_15)
FNDA:0,(anonymous_16)
FNDA:0,(anonymous_17)
FNDA:0,(anonymous_18)
FNDA:0,(anonymous_19)
DA:1,1
DA:3,1
DA:4,0
DA:7,1
DA:8,0
DA:11,1
DA:12,0
DA:15,1
DA:16,0
DA:19,1
DA:20,0
DA:23,1
DA:24,0
DA:27,1
DA:28,0
DA:31,1
DA:32,0
DA:35,1
DA:40,0
DA:43,1
DA:44,0
LF:21
LH:11
BRF:0
BRH:0
end_of_record
TN:
SF:src/views/AddPropertyModal.tsx
FN:5,(anonymous_6)
FN:16,(anonymous_7)
FN:24,(anonymous_8)
FN:25,(anonymous_9)
FNF:4
FNH:2
FNDA:3,(anonymous_6)
FNDA:3,(anonymous_7)
FNDA:0,(anonymous_8)
FNDA:0,(anonymous_9)
DA:1,1
DA:2,1
DA:5,1
DA:13,3
DA:14,3
DA:16,3
DA:17,3
DA:18,0
DA:20,3
DA:24,3
DA:25,0
DA:26,0
DA:27,0
DA:28,0
DA:29,0
DA:32,0
DA:34,0
DA:35,0
DA:39,3
DA:117,1
LF:20
LH:11
BRDA:17,0,0,0
BRDA:17,0,1,3
BRDA:27,1,0,0
BRDA:27,1,1,0
BRDA:28,2,0,0
BRDA:28,3,0,0
BRDA:28,3,1,0
BRDA:29,4,0,0
BRDA:29,4,1,0
BRDA:29,5,0,0
BRDA:29,5,1,0
BRDA:42,6,0,0
BRDA:42,6,1,3
BRDA:54,7,0,0
BRDA:54,7,1,3
BRF:15
BRH:3
end_of_record
TN:
SF:src/views/FilterModal.tsx
FN:7,(anonymous_6)
FN:15,(anonymous_7)
FN:19,(anonymous_8)
FN:23,(anonymous_9)
FN:55,(anonymous_10)
FNF:5
FNH:1
FNDA:3,(anonymous_6)
FNDA:0,(anonymous_7)
FNDA:0,(anonymous_8)
FNDA:0,(anonymous_9)
FNDA:0,(anonymous_10)
DA:1,1
DA:2,1
DA:3,1
DA:7,1
DA:12,3
DA:13,3
DA:15,3
DA:16,0
DA:19,3
DA:20,0
DA:23,3
DA:24,0
DA:28,0
DA:29,0
DA:33,3
DA:55,0
DA:73,1
LF:17
LH:11
BRDA:28,0,0,0
BRDA:28,1,0,0
BRDA:28,1,1,0
BRF:3
BRH:0
end_of_record
TN:
SF:src/views/Home.tsx
FN:12,(anonymous_7)
FN:24,(anonymous_8)
FN:28,handleFilterChange
FN:29,(anonymous_10)
FN:32,(anonymous_11)
FN:40,(anonymous_12)
FN:62,(anonymous_13)
FN:64,(anonymous_14)
FN:68,(anonymous_15)
FN:75,(anonymous_16)
FN:76,(anonymous_17)
FN:85,(anonymous_18)
FN:88,(anonymous_19)
FN:98,(anonymous_20)
FN:104,(anonymous_21)
FN:113,(anonymous_22)
FN:121,(anonymous_23)
FN:134,(anonymous_24)
FN:153,(anonymous_25)
FN:158,(anonymous_26)
FNF:20
FNH:3
FNDA:3,(anonymous_7)
FNDA:0,(anonymous_8)
FNDA:0,handleFilterChange
FNDA:0,(anonymous_10)
FNDA:0,(anonymous_11)
FNDA:0,(anonymous_12)
FNDA:0,(anonymous_13)
FNDA:0,(anonymous_14)
FNDA:0,(anonymous_15)
FNDA:0,(anonymous_16)
FNDA:0,(anonymous_17)
FNDA:0,(anonymous_18)
FNDA:0,(anonymous_19)
FNDA:18,(anonymous_20)
FNDA:96,(anonymous_21)
FNDA:0,(anonymous_22)
FNDA:0,(anonymous_23)
FNDA:0,(anonymous_24)
FNDA:0,(anonymous_25)
FNDA:0,(anonymous_26)
DA:1,1
DA:2,1
DA:3,1
DA:4,1
DA:5,1
DA:6,1
DA:7,1
DA:10,1
DA:12,1
DA:13,3
DA:14,3
DA:15,3
DA:16,3
DA:17,3
DA:18,3
DA:21,3
DA:22,3
DA:24,3
DA:25,0
DA:29,0
DA:31,0
DA:32,0
DA:33,0
DA:35,0
DA:37,0
DA:40,3
DA:41,0
DA:42,0
DA:58,0
DA:59,0
DA:62,3
DA:63,0
DA:64,0
DA:66,0
DA:67,0
DA:68,0
DA:69,0
DA:71,0
DA:75,3
DA:76,0
DA:77,0
DA:80,3
DA:85,0
DA:89,0
DA:90,0
DA:98,18
DA:105,96
DA:113,0
DA:122,0
DA:123,0
DA:124,0
DA:134,0
DA:153,0
DA:158,0
DA:169,1
LF:55
LH:25
BRDA:31,0,0,0
BRDA:31,0,1,0
BRDA:35,1,0,0
BRDA:35,1,1,0
BRDA:41,2,0,0
BRDA:41,2,1,0
BRDA:41,3,0,0
BRDA:41,3,1,0
BRDA:53,4,0,0
BRDA:53,4,1,0
BRDA:53,5,0,0
BRDA:53,5,1,0
BRDA:53,6,0,0
BRDA:53,6,1,0
BRDA:66,7,0,0
BRDA:69,8,0,0
BRDA:69,8,1,0
BRDA:86,9,0,3
BRDA:86,9,1,1
BRDA:86,10,0,2
BRDA:86,10,1,1
BRDA:86,11,0,3
BRDA:86,11,1,3
BRDA:98,12,0,0
BRDA:98,12,1,3
BRDA:98,13,0,3
BRDA:98,13,1,3
BRDA:99,14,0,0
BRDA:99,14,1,18
BRDA:99,15,0,18
BRDA:99,15,1,18
BRDA:104,16,0,0
BRDA:104,16,1,18
BRDA:104,17,0,18
BRDA:104,17,1,18
BRDA:104,18,0,0
BRDA:104,18,1,18
BRDA:104,19,0,18
BRDA:104,19,1,18
BRDA:119,20,0,18
BRDA:119,20,1,6
BRDA:119,21,0,12
BRDA:119,21,1,6
BRDA:119,22,0,18
BRDA:119,22,1,18
BRDA:132,23,0,18
BRDA:132,23,1,6
BRDA:132,24,0,12
BRDA:132,24,1,6
BRDA:132,25,0,18
BRDA:132,25,1,18
BRF:51
BRH:30
end_of_record
